<?xml version="1.0" encoding="UTF-8"?>
<testsuite name="helloworld_tests.HelloWorldTest-20221106182840" tests="5" file="helloworld_tests.py" time="0.009" timestamp="2022-11-06T18:28:41" failures="1" errors="0" skipped="0">
	<testcase classname="helloworld_tests.HelloWorldTest" name="test2" time="0.001" timestamp="2022-11-06T18:28:41"/>
	<testcase classname="helloworld_tests.HelloWorldTest" name="test_isupper" time="0.001" timestamp="2022-11-06T18:28:41"/>
	<testcase classname="helloworld_tests.HelloWorldTest" name="test_should_issue_hello_world_message" time="0.002" timestamp="2022-11-06T18:28:41"/>
	<testcase classname="helloworld_tests.HelloWorldTest" name="test_split" time="0.001" timestamp="2022-11-06T18:28:41"/>
	<testcase classname="helloworld_tests.HelloWorldTest" name="test_upper" time="0.004" timestamp="2022-11-06T18:28:41">
		<failure type="AssertionError" message="'FOO' != 'foo'
- FOO
+ foo
"><![CDATA[Traceback (most recent call last):
  File "/usr/lib/python3.10/unittest/case.py", line 59, in testPartExecutor
    yield
  File "/usr/lib/python3.10/unittest/case.py", line 591, in run
    self._callTestMethod(testMethod)
  File "/usr/lib/python3.10/unittest/case.py", line 549, in _callTestMethod
    method()
  File "/home/aftersun/Downloads/PYTHON/src/unittest/python/helloworld_tests.py", line 18, in test_upper
    self.assertEqual('foo'.upper(), 'foo')
  File "/usr/lib/python3.10/unittest/case.py", line 845, in assertEqual
    assertion_func(first, second, msg=msg)
  File "/usr/lib/python3.10/unittest/case.py", line 1226, in assertMultiLineEqual
    self.fail(self._formatMessage(msg, standardMsg))
  File "/usr/lib/python3.10/unittest/case.py", line 675, in fail
    raise self.failureException(msg)
AssertionError: 'FOO' != 'foo'
- FOO
+ foo

]]></failure>
	</testcase>
</testsuite>
