<?xml version="1.0" encoding="UTF-8"?>
<testsuite name="helloworld_tests.HelloWorldTest-20221106200057" tests="5" file="helloworld_tests.py" time="0.009" timestamp="2022-11-06T20:00:58" failures="0" errors="0" skipped="0">
	<testcase classname="helloworld_tests.HelloWorldTest" name="test2" time="0.002" timestamp="2022-11-06T20:00:58"/>
	<testcase classname="helloworld_tests.HelloWorldTest" name="test_isupper" time="0.001" timestamp="2022-11-06T20:00:58"/>
	<testcase classname="helloworld_tests.HelloWorldTest" name="test_should_issue_hello_world_message" time="0.002" timestamp="2022-11-06T20:00:58"/>
	<testcase classname="helloworld_tests.HelloWorldTest" name="test_split" time="0.002" timestamp="2022-11-06T20:00:58"/>
	<testcase classname="helloworld_tests.HelloWorldTest" name="test_upper" time="0.001" timestamp="2022-11-06T20:00:58"/>
</testsuite>
